p/30.JPG 1 0 0 319 311
p/29.JPG 1 0 0 319 289
p/28.JPG 1 0 0 306 291
p/27.JPG 1 0 0 317 319
p/26.JPG 1 0 0 384 393
p/25.JPG 1 0 0 400 403
p/24.JPG 1 0 0 360 364
p/23.JPG 1 0 0 405 407
p/22.JPG 1 0 0 519 511
p/21.JPG 1 0 0 498 508
p/20.JPG 1 0 0 283 272
p/19.JPG 1 0 0 237 246
p/18.JPG 1 0 0 255 258
p/17.JPG 1 0 0 241 254
p/16.JPG 1 0 0 248 263
p/15.JPG 1 0 0 238 268
p/14.JPG 1 0 0 256 281
p/13.JPG 1 0 0 712 703
p/12.JPG 1 0 0 686 695
p/11.JPG 1 0 0 690 723
p/10.JPG 1 0 0 756 740
p/9.JPG 1 0 0 333 372
p/8.JPG 1 0 0 340 366
p/7.JPG 1 0 0 393 379
p/6.JPG 1 0 0 370 361
p/5.JPG 1 0 0 340 349
p/4.JPG 1 0 0 365 357
p/3.JPG 1 0 0 331 350
p/2.JPG 1 0 0 354 341
p/1.JPG 1 0 0 362 338